<?xml version="1.0" encoding="UTF-8"?>
<!-- Generated by org.testng.reporters.JUnitXMLReporter -->
<testsuite ignored="1" hostname="DESKTOP-MPFQ2EP" failures="0" tests="1" name="Default test" time="10.164" errors="0" timestamp="2023-01-25T15:19:49 IST">
  <testcase classname="Npack.AddToCartTest" name="AddToCartBySelectProduct" time="4.08"/>
  <testcase classname="Npack.AddToCartTest" name="AddToCartProductBySearch" time="0.0">
    <ignored/>
  </testcase> <!-- AddToCartProductBySearch -->
</testsuite> <!-- Default test -->
